已經開始建置於 2017/9/6 下午 02:25:14。
     1>節點 2 (Build 目標) 上的專案 "C:\workspace\c&c++\vs2013\c\ch3\ch3.vcxproj"。
     1>ClCompile:
         C:\Program Files (x86)\Microsoft Visual Studio 12.0\VC\bin\CL.exe /c /ZI /nologo /W3 /WX- /sdl /Od /Oy- /D WIN32 /D _DEBUG /D _CONSOLE /D _LIB /D _CRT_SECURE_NO_DEPRECATE /D _UNICODE /D UNICODE /Gm /EHsc /RTC1 /MDd /GS /fp:precise /Zc:wchar_t /Zc:forScope /Fo"Debug\\" /Fd"Debug\vc120.pdb" /Gd /TC /analyze- /errorReport:prompt ex3_8.c main.c
         main.c
     1>c:\workspace\c&c++\vs2013\c\ch3\main.c(58): warning C4013: 'ex3_7' 未定義; 假設 extern 傳回整數
     1>c:\workspace\c&c++\vs2013\c\ch3\main.c(62): warning C4013: 'ex3_8' 未定義; 假設 extern 傳回整數
         ex3_8.c
         正在產生程式碼...
       Link:
         C:\Program Files (x86)\Microsoft Visual Studio 12.0\VC\bin\link.exe /ERRORREPORT:PROMPT /OUT:"C:\workspace\c&c++\vs2013\c\Debug\ch3.exe" /INCREMENTAL /NOLOGO kernel32.lib user32.lib gdi32.lib winspool.lib comdlg32.lib advapi32.lib shell32.lib ole32.lib oleaut32.lib uuid.lib odbc32.lib odbccp32.lib /MANIFEST /MANIFESTUAC:"level='asInvoker' uiAccess='false'" /manifest:embed /DEBUG /PDB:"C:\workspace\c&c++\vs2013\c\Debug\ch3.pdb" /SUBSYSTEM:CONSOLE /TLBID:1 /DYNAMICBASE /NXCOMPAT /IMPLIB:"C:\workspace\c&c++\vs2013\c\Debug\ch3.lib" /MACHINE:X86 Debug\ex3_1.obj
         Debug\ex3_2.obj
         Debug\ex3_3.obj
         Debug\ex3_4.obj
         Debug\ex3_5.obj
         Debug\ex3_6.obj
         Debug\ex3_7.obj
         Debug\ex3_8.obj
         Debug\main.obj
         ch3.vcxproj -> C:\workspace\c&c++\vs2013\c\Debug\ch3.exe
     1>專案 "C:\workspace\c&c++\vs2013\c\ch3\ch3.vcxproj" (Build 目標) 建置完成。

建置成功。

經過時間 00:00:00.34
